   ------------------------------------------------------------------
  | Welcome to ROOT 6.22/08                        https://root.cern |
  | (c) 1995-2020, The ROOT Team; conception: R. Brun, F. Rademakers |
  | Built for linuxx8664gcc on Mar 10 2021, 14:20:04                 |
  | From tags/v6-22-08@v6-22-08                                      |
  | Try '.help', '.demo', '.license', '.credits', '.quit'/'.q'       |
   ------------------------------------------------------------------


Processing calAcc.cc...
0
200
400
600
800
1000
1200
1400
1600
1800
2000
2200
2400
2600
2800
3000
3200
3400
3600
3800
4000
4200
4400
4600
4800
5000
5200
5400
5600
5800
6000
6200
6400
6600
6800
7000
7200
7400
7600
7800
8000
8200
8400
AD:1	AD = 1 , N07 = 6411085246 , N15 = 2156135096 , N19 = 1163426644 , isoeff = 0.95238 , 0.954595
Poisson probability:0.738253	Accidentals bkg:89325.9
AD:2	AD = 2 , N07 = 7053259279 , N15 = 2402781852 , N19 = 1301076620 , isoeff = 0.953272 , 0.955406
Poisson probability:0.734794	Accidentals bkg:106119
AD:3	AD = 3 , N07 = 7061374035 , N15 = 2456844918 , N19 = 1329524549 , isoeff = 0.955076 , 0.95705
Poisson probability:0.723522	Accidentals bkg:104852
AD:4	AD = 4 , N07 = 8079467494 , N15 = 2780422713 , N19 = 1480939775 , isoeff = 0.95526 , 0.957218
Poisson probability:0.712972	Accidentals bkg:117201
AD:5	AD = 5 , N07 = 8051208001 , N15 = 2810006719 , N19 = 1506656209 , isoeff = 0.95541 , 0.957355
Poisson probability:0.720763	Accidentals bkg:118368
AD:6	AD = 6 , N07 = 8099167127 , N15 = 2807272482 , N19 = 1509415941 , isoeff = 0.95513 , 0.9571
Poisson probability:0.719995	Accidentals bkg:120632
AD:7	AD = 7 , N07 = 7209349316 , N15 = 2503654674 , N19 = 1345106267 , isoeff = 0.955256 , 0.957215
Poisson probability:0.719493	Accidentals bkg:104522
AD:8	AD = 8 , N07 = 6321448947 , N15 = 2175770385 , N19 = 1173032852 , isoeff = 0.954873 , 0.956865
Poisson probability:0.718796	Accidentals bkg:89376.2
FullTimes
1544.39 & 1737.6 & 1741.22 & 1554.04 & 1739.58 & 1739.58 & 1739.58 & 1551.95 & LiveTimes
1277.49 & 1431.6 & 1489.37 & 1327.46 & 1710.97 & 1710.58 & 1710.3 & 1526.58 & 
Muon Veto Efficiency
0.827177 & 0.823894 & 0.85536 & 0.854198 & 0.983553 & 0.983334 & 0.983169 & 0.983654 & 
Multiplicity Cut Efficiency
 & \thead{94.7165\\(7.0907e-05)} & \thead{94.8011\\(6.65226e-05)} & \thead{94.9769\\(6.42512e-05)} & \thead{94.9631\\(6.8113e-05)} & \thead{95.0044\\(5.97688e-05)} & \thead{95.0102\\(5.97768e-05)} & \thead{94.9854\\(5.99018e-05)} & \thead{94.9974\\(6.33388e-05)}
Rate of E>07 Singles
\thead{58.0847\\(0.000725431)} & \thead{57.0236\\(0.000678984)} & \thead{54.8747\\(0.000653022)} & \thead{55.1165\\(0.000693223)} & \thead{54.6547\\(0.000608046)} & \thead{54.4757\\(0.000607117)} & \thead{54.8094\\(0.000609025)} & \thead{54.6592\\(0.000643747)} & 
Rate of E>15 Likes Singles
\thead{19.5347\\(0.000420696)} & \thead{19.4258\\(0.000396298)} & \thead{19.0924\\(0.000385187)} & \thead{18.9705\\(0.000406697)} & \thead{18.8086\\(0.000356698)} & \thead{19.0129\\(0.000358671)} & \thead{18.9976\\(0.000358556)} & \thead{18.982\\(0.000379362)} & 
Rate of E>19 Likes Singles
\thead{10.5407\\(0.000309029)} & \thead{10.5188\\(0.000291619)} & \thead{10.3319\\(0.000283355)} & \thead{10.2276\\(0.000298621)} & \thead{10.018\\(0.000260324)} & \thead{10.1943\\(0.000262633)} & \thead{10.2147\\(0.000262917)} & \thead{10.1982\\(0.000278064)} & 
Poisson Probability
\thead{0.738253\\(1.59032e-05)} & \thead{0.734794\\(1.49942e-05)} & \thead{0.723522\\(1.46007e-05)} & \thead{0.718796\\(1.54138e-05)} & \thead{0.712972\\(1.35246e-05)} & \thead{0.720763\\(1.36003e-05)} & \thead{0.719995\\(1.35924e-05)} & \thead{0.719493\\(1.4383e-05)} & 
Accidentals Poisson
\thead{89325.9\\(3435.61)} & \thead{106119\\(3824.09)} & \thead{104852\\(2885.82)} & \thead{89376.2\\(3372.69)} & \thead{117201\\(2111.74)} & \thead{118368\\(2171.89)} & \thead{120632\\(2173.55)} & \thead{104522\\(1935.59)} & 
actually running time
1277.49,1431.6,1489.37,1327.46,1710.97,1710.58,1710.3,1526.58,
Accidentals Daily Rate
69.9232 & 74.1259 & 70.3998 & 67.3287 & 68.5002 & 69.1973 & 70.5326 & 68.468 & 
N1.9
\thead{\scriptsize 1.16343e+09\\(\scriptsize 34109)} & \thead{\scriptsize 1.30108e+09\\(\scriptsize 36070.4)} & \thead{\scriptsize 1.32952e+09\\(\scriptsize 36462.6)} & \thead{\scriptsize 1.17303e+09\\(\scriptsize 34249.6)} & \thead{\scriptsize 1.48094e+09\\(\scriptsize 38483)} & \thead{\scriptsize 1.50666e+09\\(\scriptsize 38815.7)} & \thead{\scriptsize 1.50942e+09\\(\scriptsize 38851.2)} & \thead{\scriptsize 1.34511e+09\\(\scriptsize 36675.7)} & 

