   ------------------------------------------------------------------
  | Welcome to ROOT 6.22/08                        https://root.cern |
  | (c) 1995-2020, The ROOT Team; conception: R. Brun, F. Rademakers |
  | Built for linuxx8664gcc on Mar 10 2021, 14:20:04                 |
  | From tags/v6-22-08@v6-22-08                                      |
  | Try '.help', '.demo', '.license', '.credits', '.quit'/'.q'       |
   ------------------------------------------------------------------


Processing Acc_Poisson.cc...
tL = 0.0008
tR = 0.0004
tD = 1e-06
6082088518
AD = 1 , FullTime = 1535.1264967799 , LiveTime = 1269.8329574394
AD = 1 , N07 = 6082088518 , N15 = 2045235114 , N19 = 1101855041 , isoeff = 0.95769938662838 , isoeff2 = 0.94951354105533
CorrN07 = 6350728216.9327 , CorrN15 = 2135571080.6084 , CorrN19 = 1150522863.8384
Corr2N07 = 6405478442.4034 , Corr2N15 = 2153982039.821 , Corr2N19 = 1160441629.6953
Pacc = 0.0071803752094959
Nacc = 8261185.8494638
6699261314
AD = 2 , FullTime = 1727.6022176983 , LiveTime = 1423.5411863288
AD = 2 , N07 = 6699261314 , N15 = 2281998519 , N19 = 1233763825 , isoeff = 0.95842133110259 , isoeff2 = 0.95028240558602
CorrN07 = 6989891706.9104 , CorrN15 = 2380997213.7982 , CorrN19 = 1287287526.8549
Corr2N07 = 7049758339.8576 , Corr2N15 = 2401389845.3615 , Corr2N19 = 1298312814.9565
Pacc = 0.0071474875760311
Nacc = 9200871.604975
6714976732
AD = 3 , FullTime = 1731.6157181061 , LiveTime = 1481.3537994963
AD = 3 , N07 = 6714976732 , N15 = 2336628659 , N19 = 1262645364 , isoeff = 0.95990836123175 , isoeff2 = 0.95191949113617
CorrN07 = 6995435192.7755 , CorrN15 = 2434220549.9717 , CorrN19 = 1315381149.9045
Corr2N07 = 7054143543.1533 , Corr2N15 = 2454649453.8221 , Corr2N19 = 1326420328.3546
Pacc = 0.007036774268475
Nacc = 9256040.2288853
6005551737
AD = 4 , FullTime = 1544.5501154905 , LiveTime = 1319.5658673782
AD = 4 , N07 = 6005551737 , N15 = 2067156444 , N19 = 1112665951 , isoeff = 0.95974026574101 , isoeff2 = 0.95180713138008
CorrN07 = 6257476060.3205 , CorrN15 = 2153870706.2623 , CorrN19 = 1159340699.4766
Corr2N07 = 6309630952.5358 , Corr2N15 = 2171822815.6189 , Corr2N19 = 1169003587.2989
Pacc = 0.0069906563122448
Nacc = 8104552.3788381
7684452914
AD = 5 , FullTime = 1730.8089882735 , LiveTime = 1702.3170314228
AD = 5 , N07 = 7684452914 , N15 = 2647108649 , N19 = 1409234110 , isoeff = 0.95994573499514 , isoeff2 = 0.95218451939135
CorrN07 = 8005090948.2284 , CorrN15 = 2757560716.7143 , CorrN19 = 1468035180.1419
Corr2N07 = 8070340104.7856 , Corr2N15 = 2780037477.0765 , Corr2N19 = 1480001072.5871
Pacc = 0.0069600243498842
Nacc = 10217560.600274
7657310339
AD = 6 , FullTime = 1730.8089882735 , LiveTime = 1701.8854929766
AD = 6 , N07 = 7657310339 , N15 = 2675261521 , N19 = 1433745204 , isoeff = 0.96007443392516 , isoeff2 = 0.9522403797085
CorrN07 = 7975746534.2494 , CorrN15 = 2786514697.6808 , CorrN19 = 1493368798.6444
Corr2N07 = 8041362771.5977 , Corr2N15 = 2809439273.9562 , Corr2N19 = 1505654700.8003
Pacc = 0.0070353544236663
Nacc = 10506378.783708
7701969717
AD = 7 , FullTime = 1730.8089882735 , LiveTime = 1701.6526039456
AD = 7 , N07 = 7701969717 , N15 = 2672207711 , N19 = 1436136706 , isoeff = 0.9598409329765 , isoeff2 = 0.95201054060587
CorrN07 = 8024214692.6532 , CorrN15 = 2784010995.1483 , CorrN19 = 1496223651.9196
Corr2N07 = 8090214749.1964 , Corr2N15 = 2806909794.6115 , Corr2N19 = 1508530257.539
Pacc = 0.007028180936602
Nacc = 10515730.547314
6853233420
AD = 8 , FullTime = 1543.2095980767 , LiveTime = 1517.9872568515
AD = 8 , N07 = 6853233420 , N15 = 2382343361 , N19 = 1279321845 , isoeff = 0.95995395167283 , isoeff2 = 0.95211598611649
CorrN07 = 7139127255.0704 , CorrN15 = 2481726708.7119 , CorrN19 = 1332690847.0668
Corr2N07 = 7197897651.0552 , Corr2N15 = 2502156665.51 , Corr2N19 = 1343661763.5401
Pacc = 0.0070216914459879
Nacc = 9357743.9209954
