   ------------------------------------------------------------------
  | Welcome to ROOT 6.22/08                        https://root.cern |
  | (c) 1995-2020, The ROOT Team; conception: R. Brun, F. Rademakers |
  | Built for linuxx8664gcc on Mar 10 2021, 14:20:04                 |
  | From tags/v6-22-08@v6-22-08                                      |
  | Try '.help', '.demo', '.license', '.credits', '.quit'/'.q'       |
   ------------------------------------------------------------------


Processing Acc_Poisson.cc...
tL = 0.0008
tR = 0.0004
tD = 1e-06
5841923017
AD = 1 , FullTime = 1535.1264967799 , LiveTime = 1269.8329574394
AD = 1 , N07 = 5841923017 , N15 = 1965874584 , N19 = 1058976008 , isoeff = 0.92032418679685 , isoeff2 = 0.95145305420913
CorrN07 = 6347679546.8481 , CorrN15 = 2136067499.0431 , CorrN19 = 1150655413.8121
Corr2N07 = 6140001328.6582 , Corr2N15 = 2066181379.4208 , Corr2N19 = 1113009205.5674
Pacc = 0.0071821872356411
Nacc = 8264222.6257025
6437621332
AD = 2 , FullTime = 1727.6022176983 , LiveTime = 1423.5411863288
AD = 2 , N07 = 6437621332 , N15 = 2194448200 , N19 = 1186290292 , isoeff = 0.92162355911524 , isoeff2 = 0.95217205354546
CorrN07 = 6985087640.5331 , CorrN15 = 2381067821.342 , CorrN19 = 1287174443.6946
Corr2N07 = 6760985378.671 , Corr2N15 = 2304676126.3669 , Corr2N19 = 1245878082.2046
Pacc = 0.0071479156103842
Nacc = 9200614.2993723
6450992572
AD = 3 , FullTime = 1731.6157181061 , LiveTime = 1481.3537994963
AD = 3 , N07 = 6450992572 , N15 = 2246557775 , N19 = 1213822579 , isoeff = 0.92439319946282 , isoeff2 = 0.95375993761669
CorrN07 = 6978624005.1839 , CorrN15 = 2430305389.8552 , CorrN19 = 1313102021.6347
Corr2N07 = 6763748735.4734 , Corr2N15 = 2355475090.109 , Corr2N19 = 1272670963.7576
Pacc = 0.0070262599617336
Nacc = 9226196.1602833
5769533492
AD = 4 , FullTime = 1544.5501154905 , LiveTime = 1319.5658673782
AD = 4 , N07 = 5769533492 , N15 = 1987460212 , N19 = 1069606486 , isoeff = 0.92408123266949 , isoeff2 = 0.9536513537138
CorrN07 = 6243534970.7655 , CorrN15 = 2150741884.7352 , CorrN19 = 1157481018.1028
Corr2N07 = 6049940022.1388 , Corr2N15 = 2084053259.3597 , Corr2N19 = 1121590696.4685
Pacc = 0.0069812419693503
Nacc = 8080655.0623058
7361836230
AD = 5 , FullTime = 1730.8089882735 , LiveTime = 1702.3170314228
AD = 5 , N07 = 7361836230 , N15 = 2538324147 , N19 = 1351231483 , isoeff = 0.92466419929075 , isoeff2 = 0.95413910152463
CorrN07 = 7961632164.0297 , CorrN15 = 2745130771.7407 , CorrN19 = 1461321292.6773
Corr2N07 = 7715684451.2885 , Corr2N15 = 2660329236.0034 , Corr2N19 = 1416178711.0924
Pacc = 0.006930482548056
Nacc = 10127661.716003
7335143286
AD = 6 , FullTime = 1730.8089882735 , LiveTime = 1701.8854929766
AD = 6 , N07 = 7335143286 , N15 = 2565089177 , N19 = 1374610116 , isoeff = 0.92490853277664 , isoeff2 = 0.95419684086369
CorrN07 = 7930668845.6851 , CorrN15 = 2773343618.4218 , CorrN19 = 1486211952.0871
Corr2N07 = 7687243314.8706 , Corr2N15 = 2688218056.4319 , Corr2N19 = 1440593866.0998
Pacc = 0.0070040253999767
Nacc = 10409466.262167
7376645653
AD = 7 , FullTime = 1730.8089882735 , LiveTime = 1701.6526039456
AD = 7 , N07 = 7376645653 , N15 = 2561685887 , N19 = 1376663451 , isoeff = 0.9244901885358 , isoeff2 = 0.9539840922903
CorrN07 = 7979149745.9622 , CorrN15 = 2770917332.3485 , CorrN19 = 1489105528.7243
Corr2N07 = 7732461906.4562 , Corr2N15 = 2685250108.1543 , Corr2N19 = 1443067512.4728
Pacc = 0.0069970478108652
Nacc = 10419342.579907
6565558825
AD = 8 , FullTime = 1543.2095980767 , LiveTime = 1517.9872568515
AD = 8 , N07 = 6565558825 , N15 = 2284408529 , N19 = 1226640728 , isoeff = 0.92467886820046 , isoeff2 = 0.95407308269502
CorrN07 = 7100366463.1997 , CorrN15 = 2470488520.4587 , CorrN19 = 1326558625.0362
Corr2N07 = 6881609956.3924 , Corr2N15 = 2394374781.5913 , Corr2N19 = 1285688434.407
Pacc = 0.006991744815034
Nacc = 9274959.3884353
